<?xml version="1.0" encoding="UTF-8"?>
<!-- Generated by org.testng.reporters.JUnitXMLReporter -->
<testsuite ignored="0" hostname="runnervmrw5os" failures="0" tests="3" name="Test" time="19.999" errors="0" timestamp="2026-05-18T06:30:08 UTC">
  <testcase classname="com.tests.SearchTest" name="verifyGoogleSearch" time="1.907"/>
  <testcase classname="com.tests.LoginTest" name="verifyLogin" time="3.533"/>
  <testcase classname="com.tests.LoginTest" name="verifyLogin" time="2.826"/>
</testsuite> <!-- Test -->
