<?xml version="1.0" encoding="UTF-8"?>
<testng-results ignored="0" total="3" passed="3" failed="0" skipped="0">
  <reporter-output>
  </reporter-output>
  <suite started-at="2026-05-21T09:53:40 UTC" name="Suite" finished-at="2026-05-21T09:53:54 UTC" duration-ms="13540">
    <groups>
    </groups>
    <test started-at="2026-05-21T09:53:40 UTC" name="Test" finished-at="2026-05-21T09:53:54 UTC" duration-ms="13540">
      <class name="com.tests.SearchTest">
        <test-method is-config="true" signature="setup()[pri:0, instance:com.tests.SearchTest@6973bf95]" started-at="2026-05-21T09:53:40 UTC" name="setup" finished-at="2026-05-21T09:53:43 UTC" duration-ms="2343" status="PASS">
          <reporter-output>
          </reporter-output>
        </test-method> <!-- setup -->
        <test-method signature="verifyGoogleSearch()[pri:0, instance:com.tests.SearchTest@6973bf95]" started-at="2026-05-21T09:53:43 UTC" name="verifyGoogleSearch" finished-at="2026-05-21T09:53:44 UTC" duration-ms="664" status="PASS">
          <reporter-output>
          </reporter-output>
        </test-method> <!-- verifyGoogleSearch -->
        <test-method is-config="true" signature="tearDown()[pri:0, instance:com.tests.SearchTest@6973bf95]" started-at="2026-05-21T09:53:44 UTC" name="tearDown" finished-at="2026-05-21T09:53:44 UTC" duration-ms="307" status="PASS">
          <reporter-output>
          </reporter-output>
        </test-method> <!-- tearDown -->
      </class> <!-- com.tests.SearchTest -->
      <class name="com.tests.LoginTest">
        <test-method is-config="true" signature="setup()[pri:0, instance:com.tests.LoginTest@96def03]" started-at="2026-05-21T09:53:45 UTC" name="setup" finished-at="2026-05-21T09:53:45 UTC" duration-ms="327" status="PASS">
          <reporter-output>
          </reporter-output>
        </test-method> <!-- setup -->
        <test-method signature="verifyLogin(java.lang.String,java.lang.String,java.lang.String)[pri:0, instance:com.tests.LoginTest@96def03]" started-at="2026-05-21T09:53:45 UTC" name="verifyLogin" data-provider="loginData" finished-at="2026-05-21T09:53:50 UTC" duration-ms="4767" status="PASS">
          <params>
            <param index="0">
              <value>
                <![CDATA[Admin]]>
              </value>
            </param>
            <param index="1">
              <value>
                <![CDATA[admin123]]>
              </value>
            </param>
            <param index="2">
              <value>
                <![CDATA[Valid Login]]>
              </value>
            </param>
          </params>
          <reporter-output>
          </reporter-output>
        </test-method> <!-- verifyLogin -->
        <test-method is-config="true" signature="tearDown()[pri:0, instance:com.tests.LoginTest@96def03]" started-at="2026-05-21T09:53:50 UTC" name="tearDown" finished-at="2026-05-21T09:53:50 UTC" duration-ms="86" status="PASS">
          <reporter-output>
          </reporter-output>
        </test-method> <!-- tearDown -->
        <test-method is-config="true" signature="setup()[pri:0, instance:com.tests.LoginTest@96def03]" started-at="2026-05-21T09:53:50 UTC" name="setup" finished-at="2026-05-21T09:53:50 UTC" duration-ms="308" status="PASS">
          <reporter-output>
          </reporter-output>
        </test-method> <!-- setup -->
        <test-method signature="verifyLogin(java.lang.String,java.lang.String,java.lang.String)[pri:0, instance:com.tests.LoginTest@96def03]" started-at="2026-05-21T09:53:50 UTC" name="verifyLogin" data-provider="loginData" finished-at="2026-05-21T09:53:54 UTC" duration-ms="3643" status="PASS">
          <params>
            <param index="0">
              <value>
                <![CDATA[InvalidUser]]>
              </value>
            </param>
            <param index="1">
              <value>
                <![CDATA[wrongPass]]>
              </value>
            </param>
            <param index="2">
              <value>
                <![CDATA[Invalid Login]]>
              </value>
            </param>
          </params>
          <reporter-output>
          </reporter-output>
        </test-method> <!-- verifyLogin -->
        <test-method is-config="true" signature="tearDown()[pri:0, instance:com.tests.LoginTest@96def03]" started-at="2026-05-21T09:53:54 UTC" name="tearDown" finished-at="2026-05-21T09:53:54 UTC" duration-ms="80" status="PASS">
          <reporter-output>
          </reporter-output>
        </test-method> <!-- tearDown -->
      </class> <!-- com.tests.LoginTest -->
    </test> <!-- Test -->
  </suite> <!-- Suite -->
</testng-results>
